C:\Program Files\Microsoft Visual Studio\2022\Community\MSBuild\Microsoft\VC\v170\Microsoft.CppBuild.targets(514,5): warning MSB8028: 中间目录(x64\Debug\)包含从另一个项目(autoforcing.vcxproj)共享的文件。   这会导致错误的清除和重新生成行为。
  main.cpp
D:\VSproject\render\setup_openCV\main.cpp(50,35): warning C4244: “=”: 从“double”转换到“_Tp”，可能丢失数据
          with
          [
              _Tp=uchar
          ]
D:\VSproject\render\setup_openCV\main.cpp(51,35): warning C4244: “=”: 从“double”转换到“_Tp”，可能丢失数据
          with
          [
              _Tp=uchar
          ]
D:\VSproject\render\setup_openCV\main.cpp(52,35): warning C4244: “=”: 从“double”转换到“_Tp”，可能丢失数据
          with
          [
              _Tp=uchar
          ]
D:\VSproject\render\setup_openCV\main.cpp(59,35): warning C4244: “=”: 从“double”转换到“_Tp”，可能丢失数据
          with
          [
              _Tp=uchar
          ]
D:\VSproject\render\setup_openCV\main.cpp(60,35): warning C4244: “=”: 从“double”转换到“_Tp”，可能丢失数据
          with
          [
              _Tp=uchar
          ]
D:\VSproject\render\setup_openCV\main.cpp(61,35): warning C4244: “=”: 从“double”转换到“_Tp”，可能丢失数据
          with
          [
              _Tp=uchar
          ]
  setup_openCV.vcxproj -> D:\VSproject\render\x64\Debug\render.exe
